0 info it worked if it ends with ok
1 verbose cli [ '/usr/bin/nodejs', '/usr/local/bin/npm', 'run', 'example' ]
2 info using npm@3.8.7
3 info using node@v6.2.1
4 verbose run-script [ 'preexample', 'example', 'postexample' ]
5 info lifecycle react-native-libui@1.0.0~preexample: react-native-libui@1.0.0
6 silly lifecycle react-native-libui@1.0.0~preexample: no script for preexample, continuing
7 info lifecycle react-native-libui@1.0.0~example: react-native-libui@1.0.0
8 verbose lifecycle react-native-libui@1.0.0~example: unsafe-perm in lifecycle true
9 verbose lifecycle react-native-libui@1.0.0~example: PATH: /usr/local/lib/node_modules/npm/bin/node-gyp-bin:/home/paul/Documents/Coding/react-native-libui/node_modules/.bin:/usr/bin:/home/paul/miniconda3/bin:/usr/local/sbin:/usr/local/bin:/usr/sbin:/usr/bin:/sbin:/bin:/usr/games:/usr/local/games:/snap/bin:/home/paul/.multirust/toolchains/stable/cargo/bin
10 verbose lifecycle react-native-libui@1.0.0~example: CWD: /home/paul/Documents/Coding/react-native-libui
11 silly lifecycle react-native-libui@1.0.0~example: Args: [ '-c', 'babel-node examples/test.jsx' ]
12 silly lifecycle react-native-libui@1.0.0~example: Returned: code: 1  signal: null
13 info lifecycle react-native-libui@1.0.0~example: Failed to exec example script
14 verbose stack Error: react-native-libui@1.0.0 example: `babel-node examples/test.jsx`
14 verbose stack Exit status 1
14 verbose stack     at EventEmitter.<anonymous> (/usr/local/lib/node_modules/npm/lib/utils/lifecycle.js:244:16)
14 verbose stack     at emitTwo (events.js:106:13)
14 verbose stack     at EventEmitter.emit (events.js:191:7)
14 verbose stack     at ChildProcess.<anonymous> (/usr/local/lib/node_modules/npm/lib/utils/spawn.js:24:14)
14 verbose stack     at emitTwo (events.js:106:13)
14 verbose stack     at ChildProcess.emit (events.js:191:7)
14 verbose stack     at maybeClose (internal/child_process.js:852:16)
14 verbose stack     at Process.ChildProcess._handle.onexit (internal/child_process.js:215:5)
15 verbose pkgid react-native-libui@1.0.0
16 verbose cwd /home/paul/Documents/Coding/react-native-libui/examples
17 error Linux 4.4.0-24-generic
18 error argv "/usr/bin/nodejs" "/usr/local/bin/npm" "run" "example"
19 error node v6.2.1
20 error npm  v3.8.7
21 error code ELIFECYCLE
22 error react-native-libui@1.0.0 example: `babel-node examples/test.jsx`
22 error Exit status 1
23 error Failed at the react-native-libui@1.0.0 example script 'babel-node examples/test.jsx'.
23 error Make sure you have the latest version of node.js and npm installed.
23 error If you do, this is most likely a problem with the react-native-libui package,
23 error not with npm itself.
23 error Tell the author that this fails on your system:
23 error     babel-node examples/test.jsx
23 error You can get information on how to open an issue for this project with:
23 error     npm bugs react-native-libui
23 error Or if that isn't available, you can get their info via:
23 error     npm owner ls react-native-libui
23 error There is likely additional logging output above.
24 verbose exit [ 1, true ]
